<?xml version="1.0" encoding="UTF-8"?>
<testsuite xmlns:xsi="http://www.w3.org/2001/XMLSchema-instance" xsi:noNamespaceSchemaLocation="https://maven.apache.org/surefire/maven-surefire-plugin/xsd/surefire-test-report-3.0.xsd" version="3.0" name="com.maxencew.biblioto.BibliotoApplicationTests" time="10.112" tests="1" errors="0" skipped="0" failures="0">
  <properties>
[...]
</properties>
  <testcase name="contextLoads" classname="com.maxencew.biblioto.BibliotoApplicationTests" time="0.834">
    <system-out><![CDATA[21:24:59.366 [main] INFO org.springframework.test.context.support.AnnotationConfigContextLoaderUtils -- Could not detect default configuration classes for test class [com.maxencew.biblioto.BibliotoApplicationTests]: BibliotoApplicationTests does not declare any static, non-private, non-final, nested classes annotated with @Configuration.
21:24:59.523 [main] INFO org.springframework.boot.test.context.SpringBootTestContextBootstrapper -- Found @SpringBootConfiguration com.maxencew.biblioto.BibliotoApplication for test class com.maxencew.biblioto.BibliotoApplicationTests
21:24:59.780 [main] INFO org.springframework.boot.devtools.restart.RestartApplicationListener -- Restart disabled due to context in which it is running

  .   ____          _            __ _ _
 /\\ / ___'_ __ _ _(_)_ __  __ _ \ \ \ \
( ( )\___ | '_ | '_| | '_ \/ _` | \ \ \ \
 \\/  ___)| |_)| | | | | || (_| |  ) ) ) )
  '  |____| .__|_| |_|_| |_\__, | / / / /
 =========|_|==============|___/=/_/_/_/

 :: Spring Boot ::                (v3.3.1)

2024-07-11T21:25:00.431+02:00  INFO 29984 --- [           main] c.m.biblioto.BibliotoApplicationTests    : Starting BibliotoApplicationTests using Java 22.0.1 with PID 29984 (started by maxence in C:\Users\maxen\Documents\Projets\biblioto)
2024-07-11T21:25:00.433+02:00  INFO 29984 --- [           main] c.m.biblioto.BibliotoApplicationTests    : No active profile set, falling back to 1 default profile: "default"
2024-07-11T21:25:01.785+02:00  INFO 29984 --- [           main] .s.d.r.c.RepositoryConfigurationDelegate : Bootstrapping Spring Data JPA repositories in DEFAULT mode.
2024-07-11T21:25:01.898+02:00  INFO 29984 --- [           main] .s.d.r.c.RepositoryConfigurationDelegate : Finished Spring Data repository scanning in 95 ms. Found 5 JPA repository interfaces.
2024-07-11T21:25:03.065+02:00  INFO 29984 --- [           main] o.hibernate.jpa.internal.util.LogHelper  : HHH000204: Processing PersistenceUnitInfo [name: default]
2024-07-11T21:25:03.166+02:00  INFO 29984 --- [           main] org.hibernate.Version                    : HHH000412: Hibernate ORM core version 6.5.2.Final
2024-07-11T21:25:03.249+02:00  INFO 29984 --- [           main] o.h.c.internal.RegionFactoryInitiator    : HHH000026: Second-level cache disabled
2024-07-11T21:25:03.855+02:00  INFO 29984 --- [           main] o.s.o.j.p.SpringPersistenceUnitInfo      : No LoadTimeWeaver setup: ignoring JPA class transformer
2024-07-11T21:25:03.897+02:00  INFO 29984 --- [           main] com.zaxxer.hikari.HikariDataSource       : HikariPool-1 - Starting...
2024-07-11T21:25:04.248+02:00  INFO 29984 --- [           main] com.zaxxer.hikari.pool.HikariPool        : HikariPool-1 - Added connection org.postgresql.jdbc.PgConnection@5423a17
2024-07-11T21:25:04.251+02:00  INFO 29984 --- [           main] com.zaxxer.hikari.HikariDataSource       : HikariPool-1 - Start completed.
2024-07-11T21:25:04.311+02:00  WARN 29984 --- [           main] org.hibernate.orm.deprecation            : HHH90000025: PostgreSQLDialect does not need to be specified explicitly using 'hibernate.dialect' (remove the property setting and it will be selected by default)
2024-07-11T21:25:06.187+02:00  INFO 29984 --- [           main] o.h.e.t.j.p.i.JtaPlatformInitiator       : HHH000489: No JTA platform available (set 'hibernate.transaction.jta.platform' to enable JTA platform integration)
2024-07-11T21:25:06.343+02:00  INFO 29984 --- [           main] j.LocalContainerEntityManagerFactoryBean : Initialized JPA EntityManagerFactory for persistence unit 'default'
2024-07-11T21:25:07.416+02:00  WARN 29984 --- [           main] JpaBaseConfiguration$JpaWebConfiguration : spring.jpa.open-in-view is enabled by default. Therefore, database queries may be performed during view rendering. Explicitly configure spring.jpa.open-in-view to disable this warning
2024-07-11T21:25:08.350+02:00  INFO 29984 --- [           main] o.s.m.s.b.SimpleBrokerMessageHandler     : Starting...
2024-07-11T21:25:08.351+02:00  INFO 29984 --- [           main] o.s.m.s.b.SimpleBrokerMessageHandler     : BrokerAvailabilityEvent[available=true, SimpleBrokerMessageHandler [org.springframework.messaging.simp.broker.DefaultSubscriptionRegistry@4d6f951a]]
2024-07-11T21:25:08.352+02:00  INFO 29984 --- [           main] o.s.m.s.b.SimpleBrokerMessageHandler     : Started.
2024-07-11T21:25:08.361+02:00  INFO 29984 --- [           main] c.m.biblioto.BibliotoApplicationTests    : Started BibliotoApplicationTests in 8.602 seconds (process running for 10.234)
]]></system-out>
    <system-err><![CDATA[WARNING: A Java agent has been loaded dynamically (C:\Users\maxen\.m2\repository\net\bytebuddy\byte-buddy-agent\1.14.17\byte-buddy-agent-1.14.17.jar)
WARNING: If a serviceability tool is in use, please run with -XX:+EnableDynamicAgentLoading to hide this warning
WARNING: If a serviceability tool is not in use, please run with -Djdk.instrument.traceUsage for more information
WARNING: Dynamic loading of agents will be disallowed by default in a future release
]]></system-err>
  </testcase>
</testsuite>